<?xml version="1.0" encoding="utf-8"?><testsuites name="pytest tests"><testsuite name="pytest" errors="0" failures="0" skipped="0" tests="22" time="5.782" timestamp="2026-05-06T12:41:45.667505+00:00" hostname="agent-env-ff2ae89a-ebcc-412e-a8d4-7dab62eeac05"><testcase classname="backend.tests.test_iteration3.TestAttachmentsUpload" name="test_upload_pdf_to_customer" time="0.975" /><testcase classname="backend.tests.test_iteration3.TestAttachmentsUpload" name="test_upload_png_to_license" time="0.611" /><testcase classname="backend.tests.test_iteration3.TestAttachmentsUpload" name="test_upload_rejects_exe" time="0.070" /><testcase classname="backend.tests.test_iteration3.TestAttachmentsUpload" name="test_upload_rejects_oversized" time="0.779" /><testcase classname="backend.tests.test_iteration3.TestAttachmentsUpload" name="test_upload_rejects_bad_entity" time="0.071" /><testcase classname="backend.tests.test_iteration3.TestAttachmentsUpload" name="test_upload_rejects_invalid_entity_type" time="0.073" /><testcase classname="backend.tests.test_iteration3.TestAttachmentsUpload" name="test_upload_viewer_forbidden" time="0.530" /><testcase classname="backend.tests.test_iteration3.TestAttachmentsUpload" name="test_upload_manager_allowed" time="0.587" /><testcase classname="backend.tests.test_iteration3.TestAttachmentsLifecycle" name="test_list_customer_attachments" time="0.084" /><testcase classname="backend.tests.test_iteration3.TestAttachmentsLifecycle" name="test_list_license_attachments" time="0.074" /><testcase classname="backend.tests.test_iteration3.TestAttachmentsLifecycle" name="test_download_returns_binary" time="0.180" /><testcase classname="backend.tests.test_iteration3.TestAttachmentsLifecycle" name="test_delete_soft_deletes" time="0.286" /><testcase classname="backend.tests.test_iteration3.TestRenewalHistory" name="test_update_creates_history" time="0.154" /><testcase classname="backend.tests.test_iteration3.TestRenewalHistory" name="test_no_op_update_no_history" time="0.221" /><testcase classname="backend.tests.test_iteration3.TestRenewalHistory" name="test_history_newest_first" time="0.145" /><testcase classname="backend.tests.test_iteration3.TestSmokeRegression" name="test_dashboard_stats" time="0.099" /><testcase classname="backend.tests.test_iteration3.TestSmokeRegression" name="test_customers_list" time="0.072" /><testcase classname="backend.tests.test_iteration3.TestSmokeRegression" name="test_licenses_list" time="0.110" /><testcase classname="backend.tests.test_iteration3.TestSmokeRegression" name="test_products_list" time="0.073" /><testcase classname="backend.tests.test_iteration3.TestSmokeRegression" name="test_alerts_config" time="0.088" /><testcase classname="backend.tests.test_iteration3.TestSmokeRegression" name="test_customers_template" time="0.099" /><testcase classname="backend.tests.test_iteration3.TestSmokeRegression" name="test_licenses_template" time="0.333" /></testsuite></testsuites>