<?xml version="1.0" encoding="utf-8"?><testsuites name="pytest tests"><testsuite name="pytest" errors="0" failures="0" skipped="0" tests="75" time="32.948" timestamp="2026-05-06T12:42:46.268336+00:00" hostname="agent-env-ff2ae89a-ebcc-412e-a8d4-7dab62eeac05"><testcase classname="backend.tests.backend_test.TestAuth" name="test_login_admin_sets_cookies" time="0.445" /><testcase classname="backend.tests.backend_test.TestAuth" name="test_login_manager" time="0.417" /><testcase classname="backend.tests.backend_test.TestAuth" name="test_login_viewer" time="0.435" /><testcase classname="backend.tests.backend_test.TestAuth" name="test_login_invalid_credentials" time="0.474" /><testcase classname="backend.tests.backend_test.TestAuth" name="test_me_with_cookie" time="0.682" /><testcase classname="backend.tests.backend_test.TestAuth" name="test_me_without_auth" time="0.259" /><testcase classname="backend.tests.backend_test.TestAuth" name="test_logout_clears_cookies" time="0.582" /><testcase classname="backend.tests.backend_test.TestDashboard" name="test_dashboard_stats" time="0.240" /><testcase classname="backend.tests.backend_test.TestDashboard" name="test_dashboard_unauth" time="0.140" /><testcase classname="backend.tests.backend_test.TestCustomers" name="test_list_customers" time="0.174" /><testcase classname="backend.tests.backend_test.TestCustomers" name="test_search_customers" time="0.189" /><testcase classname="backend.tests.backend_test.TestCustomers" name="test_status_filter" time="0.209" /><testcase classname="backend.tests.backend_test.TestCustomers" name="test_admin_create_then_get_then_delete" time="1.125" /><testcase classname="backend.tests.backend_test.TestCustomers" name="test_manager_can_create_but_not_delete" time="1.018" /><testcase classname="backend.tests.backend_test.TestCustomers" name="test_viewer_cannot_create" time="0.500" /><testcase classname="backend.tests.backend_test.TestProducts" name="test_list_products" time="0.185" /><testcase classname="backend.tests.backend_test.TestProducts" name="test_admin_crud_product" time="0.941" /><testcase classname="backend.tests.backend_test.TestProducts" name="test_viewer_cannot_create_product" time="0.076" /><testcase classname="backend.tests.backend_test.TestLicenses" name="test_list_licenses_enriched" time="0.236" /><testcase classname="backend.tests.backend_test.TestLicenses" name="test_admin_create_license" time="0.691" /><testcase classname="backend.tests.backend_test.TestReports" name="test_report[monthly-expiry]" time="0.190" /><testcase classname="backend.tests.backend_test.TestReports" name="test_report[customer-license]" time="0.219" /><testcase classname="backend.tests.backend_test.TestReports" name="test_report[vendor]" time="0.223" /><testcase classname="backend.tests.backend_test.TestReports" name="test_report[revenue]" time="0.204" /><testcase classname="backend.tests.backend_test.TestReports" name="test_report[renewal]" time="0.499" /><testcase classname="backend.tests.backend_test.TestReports" name="test_report[expired]" time="0.224" /><testcase classname="backend.tests.backend_test.TestUsers" name="test_admin_list_users" time="0.171" /><testcase classname="backend.tests.backend_test.TestUsers" name="test_manager_cannot_list_users" time="0.085" /><testcase classname="backend.tests.backend_test.TestUsers" name="test_viewer_cannot_list_users" time="0.078" /><testcase classname="backend.tests.backend_test.TestUsers" name="test_admin_user_crud" time="1.156" /><testcase classname="backend.tests.backend_test.TestNotifications" name="test_get_notifications" time="0.213" /><testcase classname="backend.tests.backend_test.TestActivityLogs" name="test_admin_logs" time="0.209" /><testcase classname="backend.tests.backend_test.TestActivityLogs" name="test_manager_cannot_access_logs" time="0.077" /><testcase classname="backend.tests.test_iteration2.TestAlertsConfig" name="test_get_config_admin" time="0.527" /><testcase classname="backend.tests.test_iteration2.TestAlertsConfig" name="test_get_config_forbidden_for_non_admin" time="0.939" /><testcase classname="backend.tests.test_iteration2.TestAlertsConfig" name="test_put_config_admin" time="0.153" /><testcase classname="backend.tests.test_iteration2.TestAlertsConfig" name="test_put_config_forbidden_for_manager" time="0.072" /><testcase classname="backend.tests.test_iteration2.TestAlertsEmail" name="test_test_email_returns_sent_false_with_placeholder" time="0.076" /><testcase classname="backend.tests.test_iteration2.TestAlertsEmail" name="test_test_email_forbidden" time="0.201" /><testcase classname="backend.tests.test_iteration2.TestAlertsEmail" name="test_run_digest_returns_shape" time="0.110" /><testcase classname="backend.tests.test_iteration2.TestAlertsEmail" name="test_run_digest_forbidden" time="0.120" /><testcase classname="backend.tests.test_iteration2.TestCustomersBulkImport" name="test_template_csv" time="0.082" /><testcase classname="backend.tests.test_iteration2.TestCustomersBulkImport" name="test_upsert_insert_and_update" time="0.500" /><testcase classname="backend.tests.test_iteration2.TestCustomersBulkImport" name="test_viewer_forbidden" time="0.150" /><testcase classname="backend.tests.test_iteration2.TestLicensesBulkImport" name="test_template_csv" time="0.161" /><testcase classname="backend.tests.test_iteration2.TestLicensesBulkImport" name="test_upsert_license_count_update" time="0.810" /><testcase classname="backend.tests.test_iteration2.TestLicensesBulkImport" name="test_viewer_forbidden" time="0.114" /><testcase classname="backend.tests.test_iteration2.TestDashboardConfig" name="test_get_default" time="0.120" /><testcase classname="backend.tests.test_iteration2.TestDashboardConfig" name="test_put_get_config" time="0.221" /><testcase classname="backend.tests.test_iteration2.TestCustomReports" name="test_run_licenses_expired" time="0.123" /><testcase classname="backend.tests.test_iteration2.TestCustomReports" name="test_run_customers_active" time="0.112" /><testcase classname="backend.tests.test_iteration2.TestCustomReports" name="test_run_license_expiry_range" time="0.110" /><testcase classname="backend.tests.test_iteration2.TestCustomReports" name="test_crud_custom_report" time="0.284" /><testcase classname="backend.tests.test_iteration3.TestAttachmentsUpload" name="test_upload_pdf_to_customer" time="1.008" /><testcase classname="backend.tests.test_iteration3.TestAttachmentsUpload" name="test_upload_png_to_license" time="0.652" /><testcase classname="backend.tests.test_iteration3.TestAttachmentsUpload" name="test_upload_rejects_exe" time="0.185" /><testcase classname="backend.tests.test_iteration3.TestAttachmentsUpload" name="test_upload_rejects_oversized" time="4.902" /><testcase classname="backend.tests.test_iteration3.TestAttachmentsUpload" name="test_upload_rejects_bad_entity" time="0.382" /><testcase classname="backend.tests.test_iteration3.TestAttachmentsUpload" name="test_upload_rejects_invalid_entity_type" time="0.196" /><testcase classname="backend.tests.test_iteration3.TestAttachmentsUpload" name="test_upload_viewer_forbidden" time="0.462" /><testcase classname="backend.tests.test_iteration3.TestAttachmentsUpload" name="test_upload_manager_allowed" time="0.676" /><testcase classname="backend.tests.test_iteration3.TestAttachmentsLifecycle" name="test_list_customer_attachments" time="0.206" /><testcase classname="backend.tests.test_iteration3.TestAttachmentsLifecycle" name="test_list_license_attachments" time="0.705" /><testcase classname="backend.tests.test_iteration3.TestAttachmentsLifecycle" name="test_download_returns_binary" time="0.827" /><testcase classname="backend.tests.test_iteration3.TestAttachmentsLifecycle" name="test_delete_soft_deletes" time="0.571" /><testcase classname="backend.tests.test_iteration3.TestRenewalHistory" name="test_update_creates_history" time="0.374" /><testcase classname="backend.tests.test_iteration3.TestRenewalHistory" name="test_no_op_update_no_history" time="1.071" /><testcase classname="backend.tests.test_iteration3.TestRenewalHistory" name="test_history_newest_first" time="0.404" /><testcase classname="backend.tests.test_iteration3.TestSmokeRegression" name="test_dashboard_stats" time="0.213" /><testcase classname="backend.tests.test_iteration3.TestSmokeRegression" name="test_customers_list" time="0.153" /><testcase classname="backend.tests.test_iteration3.TestSmokeRegression" name="test_licenses_list" time="0.729" /><testcase classname="backend.tests.test_iteration3.TestSmokeRegression" name="test_products_list" time="0.339" /><testcase classname="backend.tests.test_iteration3.TestSmokeRegression" name="test_alerts_config" time="0.201" /><testcase classname="backend.tests.test_iteration3.TestSmokeRegression" name="test_customers_template" time="0.226" /><testcase classname="backend.tests.test_iteration3.TestSmokeRegression" name="test_licenses_template" time="0.784" /></testsuite></testsuites>