<?xml version="1.0" encoding="utf-8"?><testsuites name="pytest tests"><testsuite name="pytest" errors="0" failures="1" skipped="0" tests="53" time="9.297" timestamp="2026-05-06T10:17:22.935549+00:00" hostname="agent-env-ff2ae89a-ebcc-412e-a8d4-7dab62eeac05"><testcase classname="backend.tests.test_iteration2.TestAlertsConfig" name="test_get_config_admin" time="0.520" /><testcase classname="backend.tests.test_iteration2.TestAlertsConfig" name="test_get_config_forbidden_for_non_admin" time="0.862" /><testcase classname="backend.tests.test_iteration2.TestAlertsConfig" name="test_put_config_admin" time="0.120" /><testcase classname="backend.tests.test_iteration2.TestAlertsConfig" name="test_put_config_forbidden_for_manager" time="0.049" /><testcase classname="backend.tests.test_iteration2.TestAlertsEmail" name="test_test_email_returns_sent_false_with_placeholder" time="0.047" /><testcase classname="backend.tests.test_iteration2.TestAlertsEmail" name="test_test_email_forbidden" time="0.100" /><testcase classname="backend.tests.test_iteration2.TestAlertsEmail" name="test_run_digest_returns_shape" time="0.061" /><testcase classname="backend.tests.test_iteration2.TestAlertsEmail" name="test_run_digest_forbidden" time="0.048" /><testcase classname="backend.tests.test_iteration2.TestCustomersBulkImport" name="test_template_csv" time="0.050"><failure message="assert 404 == 200&#10; +  where 404 = &lt;Response [404]&gt;.status_code">backend/tests/test_iteration2.py:106: in test_template_csv
    assert r.status_code == 200
E   assert 404 == 200
E    +  where 404 = &lt;Response [404]&gt;.status_code</failure></testcase><testcase classname="backend.tests.test_iteration2.TestCustomersBulkImport" name="test_upsert_insert_and_update" time="0.197" /><testcase classname="backend.tests.test_iteration2.TestCustomersBulkImport" name="test_viewer_forbidden" time="0.062" /><testcase classname="backend.tests.test_iteration2.TestLicensesBulkImport" name="test_template_csv" time="0.048" /><testcase classname="backend.tests.test_iteration2.TestLicensesBulkImport" name="test_upsert_license_count_update" time="0.323" /><testcase classname="backend.tests.test_iteration2.TestLicensesBulkImport" name="test_viewer_forbidden" time="0.057" /><testcase classname="backend.tests.test_iteration2.TestDashboardConfig" name="test_get_default" time="0.048" /><testcase classname="backend.tests.test_iteration2.TestDashboardConfig" name="test_put_get_config" time="0.117" /><testcase classname="backend.tests.test_iteration2.TestCustomReports" name="test_run_licenses_expired" time="0.070" /><testcase classname="backend.tests.test_iteration2.TestCustomReports" name="test_run_customers_active" time="0.045" /><testcase classname="backend.tests.test_iteration2.TestCustomReports" name="test_run_license_expiry_range" time="0.071" /><testcase classname="backend.tests.test_iteration2.TestCustomReports" name="test_crud_custom_report" time="0.163" /><testcase classname="backend.tests.backend_test.TestAuth" name="test_login_admin_sets_cookies" time="0.358" /><testcase classname="backend.tests.backend_test.TestAuth" name="test_login_manager" time="0.384" /><testcase classname="backend.tests.backend_test.TestAuth" name="test_login_viewer" time="0.322" /><testcase classname="backend.tests.backend_test.TestAuth" name="test_login_invalid_credentials" time="0.327" /><testcase classname="backend.tests.backend_test.TestAuth" name="test_me_with_cookie" time="0.420" /><testcase classname="backend.tests.backend_test.TestAuth" name="test_me_without_auth" time="0.135" /><testcase classname="backend.tests.backend_test.TestAuth" name="test_logout_clears_cookies" time="0.434" /><testcase classname="backend.tests.backend_test.TestDashboard" name="test_dashboard_stats" time="0.082" /><testcase classname="backend.tests.backend_test.TestDashboard" name="test_dashboard_unauth" time="0.115" /><testcase classname="backend.tests.backend_test.TestCustomers" name="test_list_customers" time="0.049" /><testcase classname="backend.tests.backend_test.TestCustomers" name="test_search_customers" time="0.050" /><testcase classname="backend.tests.backend_test.TestCustomers" name="test_status_filter" time="0.049" /><testcase classname="backend.tests.backend_test.TestCustomers" name="test_admin_create_then_get_then_delete" time="0.307" /><testcase classname="backend.tests.backend_test.TestCustomers" name="test_manager_can_create_but_not_delete" time="0.804" /><testcase classname="backend.tests.backend_test.TestCustomers" name="test_viewer_cannot_create" time="0.372" /><testcase classname="backend.tests.backend_test.TestProducts" name="test_list_products" time="0.056" /><testcase classname="backend.tests.backend_test.TestProducts" name="test_admin_crud_product" time="0.253" /><testcase classname="backend.tests.backend_test.TestProducts" name="test_viewer_cannot_create_product" time="0.047" /><testcase classname="backend.tests.backend_test.TestLicenses" name="test_list_licenses_enriched" time="0.081" /><testcase classname="backend.tests.backend_test.TestLicenses" name="test_admin_create_license" time="0.292" /><testcase classname="backend.tests.backend_test.TestReports" name="test_report[monthly-expiry]" time="0.076" /><testcase classname="backend.tests.backend_test.TestReports" name="test_report[customer-license]" time="0.087" /><testcase classname="backend.tests.backend_test.TestReports" name="test_report[vendor]" time="0.075" /><testcase classname="backend.tests.backend_test.TestReports" name="test_report[revenue]" time="0.082" /><testcase classname="backend.tests.backend_test.TestReports" name="test_report[renewal]" time="0.076" /><testcase classname="backend.tests.backend_test.TestReports" name="test_report[expired]" time="0.074" /><testcase classname="backend.tests.backend_test.TestUsers" name="test_admin_list_users" time="0.051" /><testcase classname="backend.tests.backend_test.TestUsers" name="test_manager_cannot_list_users" time="0.047" /><testcase classname="backend.tests.backend_test.TestUsers" name="test_viewer_cannot_list_users" time="0.045" /><testcase classname="backend.tests.backend_test.TestUsers" name="test_admin_user_crud" time="0.373" /><testcase classname="backend.tests.backend_test.TestNotifications" name="test_get_notifications" time="0.053" /><testcase classname="backend.tests.backend_test.TestActivityLogs" name="test_admin_logs" time="0.050" /><testcase classname="backend.tests.backend_test.TestActivityLogs" name="test_manager_cannot_access_logs" time="0.072" /></testsuite></testsuites>