<?xml version="1.0" encoding="utf-8"?><testsuites name="pytest tests"><testsuite name="pytest" errors="0" failures="0" skipped="0" tests="17" time="8.099" timestamp="2026-04-24T09:51:17.076721+00:00" hostname="agent-env-39ce54a7-f48f-44c3-917d-924c5a60d221"><testcase classname="backend.tests.test_hsi_portal.TestAuthEndpoints" name="test_login_admin" time="0.460" /><testcase classname="backend.tests.test_hsi_portal.TestAuthEndpoints" name="test_login_employee" time="0.333" /><testcase classname="backend.tests.test_hsi_portal.TestAuthEndpoints" name="test_login_manager" time="0.377" /><testcase classname="backend.tests.test_hsi_portal.TestAuthEndpoints" name="test_login_invalid" time="0.115" /><testcase classname="backend.tests.test_hsi_portal.TestAuthEndpoints" name="test_register_employee" time="0.349" /><testcase classname="backend.tests.test_hsi_portal.TestAuthEndpoints" name="test_me_endpoint" time="0.475" /><testcase classname="backend.tests.test_hsi_portal.TestAuthEndpoints" name="test_me_unauthenticated" time="0.096" /><testcase classname="backend.tests.test_hsi_portal.TestDashboardEndpoints" name="test_stats" time="0.466" /><testcase classname="backend.tests.test_hsi_portal.TestDashboardEndpoints" name="test_activities" time="0.457" /><testcase classname="backend.tests.test_hsi_portal.TestDashboardEndpoints" name="test_leaderboard" time="0.439" /><testcase classname="backend.tests.test_hsi_portal.TestDashboardEndpoints" name="test_announcements" time="0.430" /><testcase classname="backend.tests.test_hsi_portal.TestDashboardEndpoints" name="test_pending_actions" time="0.433" /><testcase classname="backend.tests.test_hsi_portal.TestDashboardEndpoints" name="test_upcoming" time="0.433" /><testcase classname="backend.tests.test_hsi_portal.TestDashboardEndpoints" name="test_score" time="0.468" /><testcase classname="backend.tests.test_hsi_portal.TestAdminEndpoints" name="test_admin_get_users" time="0.808" /><testcase classname="backend.tests.test_hsi_portal.TestAdminEndpoints" name="test_employee_cannot_get_admin_users" time="0.757" /><testcase classname="backend.tests.test_hsi_portal.TestAdminEndpoints" name="test_admin_update_role" time="1.011" /></testsuite></testsuites>