<?xml version="1.0" encoding="utf-8"?><testsuites name="pytest tests"><testsuite name="pytest" errors="0" failures="0" skipped="0" tests="33" time="6.675" timestamp="2026-05-06T09:49:44.469426+00:00" hostname="agent-env-ff2ae89a-ebcc-412e-a8d4-7dab62eeac05"><testcase classname="backend.tests.backend_test.TestAuth" name="test_login_admin_sets_cookies" time="0.385" /><testcase classname="backend.tests.backend_test.TestAuth" name="test_login_manager" time="0.327" /><testcase classname="backend.tests.backend_test.TestAuth" name="test_login_viewer" time="0.326" /><testcase classname="backend.tests.backend_test.TestAuth" name="test_login_invalid_credentials" time="0.333" /><testcase classname="backend.tests.backend_test.TestAuth" name="test_me_with_cookie" time="0.373" /><testcase classname="backend.tests.backend_test.TestAuth" name="test_me_without_auth" time="0.104" /><testcase classname="backend.tests.backend_test.TestAuth" name="test_logout_clears_cookies" time="0.420" /><testcase classname="backend.tests.backend_test.TestDashboard" name="test_dashboard_stats" time="0.070" /><testcase classname="backend.tests.backend_test.TestDashboard" name="test_dashboard_unauth" time="0.100" /><testcase classname="backend.tests.backend_test.TestCustomers" name="test_list_customers" time="0.048" /><testcase classname="backend.tests.backend_test.TestCustomers" name="test_search_customers" time="0.046" /><testcase classname="backend.tests.backend_test.TestCustomers" name="test_status_filter" time="0.046" /><testcase classname="backend.tests.backend_test.TestCustomers" name="test_admin_create_then_get_then_delete" time="0.281" /><testcase classname="backend.tests.backend_test.TestCustomers" name="test_manager_can_create_but_not_delete" time="1.601" /><testcase classname="backend.tests.backend_test.TestCustomers" name="test_viewer_cannot_create" time="0.369" /><testcase classname="backend.tests.backend_test.TestProducts" name="test_list_products" time="0.047" /><testcase classname="backend.tests.backend_test.TestProducts" name="test_admin_crud_product" time="0.292" /><testcase classname="backend.tests.backend_test.TestProducts" name="test_viewer_cannot_create_product" time="0.044" /><testcase classname="backend.tests.backend_test.TestLicenses" name="test_list_licenses_enriched" time="0.074" /><testcase classname="backend.tests.backend_test.TestLicenses" name="test_admin_create_license" time="0.196" /><testcase classname="backend.tests.backend_test.TestReports" name="test_report[monthly-expiry]" time="0.074" /><testcase classname="backend.tests.backend_test.TestReports" name="test_report[customer-license]" time="0.072" /><testcase classname="backend.tests.backend_test.TestReports" name="test_report[vendor]" time="0.069" /><testcase classname="backend.tests.backend_test.TestReports" name="test_report[revenue]" time="0.073" /><testcase classname="backend.tests.backend_test.TestReports" name="test_report[renewal]" time="0.066" /><testcase classname="backend.tests.backend_test.TestReports" name="test_report[expired]" time="0.092" /><testcase classname="backend.tests.backend_test.TestUsers" name="test_admin_list_users" time="0.047" /><testcase classname="backend.tests.backend_test.TestUsers" name="test_manager_cannot_list_users" time="0.045" /><testcase classname="backend.tests.backend_test.TestUsers" name="test_viewer_cannot_list_users" time="0.046" /><testcase classname="backend.tests.backend_test.TestUsers" name="test_admin_user_crud" time="0.365" /><testcase classname="backend.tests.backend_test.TestNotifications" name="test_get_notifications" time="0.048" /><testcase classname="backend.tests.backend_test.TestActivityLogs" name="test_admin_logs" time="0.048" /><testcase classname="backend.tests.backend_test.TestActivityLogs" name="test_manager_cannot_access_logs" time="0.046" /></testsuite></testsuites>