<?xml version="1.0" encoding="utf-8"?><testsuites name="pytest tests"><testsuite name="pytest" errors="0" failures="2" skipped="0" tests="33" time="2.001" timestamp="2026-04-27T14:28:13.994908+00:00" hostname="agent-env-d91c6f0c-d125-4658-afcf-4f9d63c3a4ee"><testcase classname="tests.test_sprint_g.TestRootAndHealth" name="test_root" time="0.007" /><testcase classname="tests.test_sprint_g.TestRootAndHealth" name="test_health" time="0.004" /><testcase classname="tests.test_sprint_g.TestAuth" name="test_admin_login_returns_requires_otp" time="0.256" /><testcase classname="tests.test_sprint_g.TestAuth" name="test_mfa_verify_flow" time="0.554" /><testcase classname="tests.test_sprint_g.TestAuth" name="test_login_invalid" time="0.229" /><testcase classname="tests.test_sprint_g.TestUploads" name="test_upload_success_and_fetch_back" time="0.561" /><testcase classname="tests.test_sprint_g.TestUploads" name="test_upload_rejects_empty_file" time="0.004" /><testcase classname="tests.test_sprint_g.TestUploads" name="test_upload_rejects_invalid_category" time="0.004" /><testcase classname="tests.test_sprint_g.TestUploads" name="test_upload_rejects_oversized" time="0.054" /><testcase classname="tests.test_sprint_g.TestUploads" name="test_upload_requires_auth" time="0.003" /><testcase classname="tests.test_sprint_g.TestPracticesAttachments" name="test_create_practice_with_attachments" time="0.021" /><testcase classname="tests.test_sprint_g.TestUsersMe" name="test_patch_users_me" time="0.006"><failure message="AssertionError: assert None == '+91 00000'&#10; +  where None = &lt;built-in method get of dict object at 0xfbf1036efb80&gt;('phone')&#10; +    where &lt;built-in method get of dict object at 0xfbf1036efb80&gt; = {'art_tags': [], 'avatar_url': 'http://x/y.png', 'department': 'Engineering', 'designation': 'PM', ...}.get">E   AssertionError: assert None == '+91 00000'
     +  where None = &lt;built-in method get of dict object at 0xfbf1036efb80&gt;('phone')
     +    where &lt;built-in method get of dict object at 0xfbf1036efb80&gt; = {'art_tags': [], 'avatar_url': 'http://x/y.png', 'department': 'Engineering', 'designation': 'PM', ...}.get</failure></testcase><testcase classname="tests.test_sprint_g.TestAdminAnalytics" name="test_xp_trends" time="0.005" /><testcase classname="tests.test_sprint_g.TestAdminAnalytics" name="test_top_contributors" time="0.005" /><testcase classname="tests.test_sprint_g.TestAdminAnalytics" name="test_practice_funnel" time="0.004" /><testcase classname="tests.test_sprint_g.TestAdminAnalytics" name="test_revenue" time="0.004" /><testcase classname="tests.test_sprint_g.TestAdminAnalytics" name="test_notification_engagement" time="0.005" /><testcase classname="tests.test_sprint_g.TestAdminAnalytics" name="test_employee_blocked_from_notification_engagement" time="0.004" /><testcase classname="tests.test_sprint_g.TestAdminPayout" name="test_quarters" time="0.004" /><testcase classname="tests.test_sprint_g.TestAdminPayout" name="test_payout_detail" time="0.005" /><testcase classname="tests.test_sprint_g.TestAdminPayout" name="test_payout_csv_export" time="0.004"><failure message="AssertionError: unexpected header: &#13;&#10;  ,,,,,,,,,TOTAL,0&#13;&#10;  il,department,practice,xp_original,xp_replication,xp_tech_day,xp_other,xp_total,amount_inr&#13;&#10;  &#10;assert False&#10; +  where False = &lt;built-in method startswith of str object at 0xfbf1036e4b30&gt;('employee_id,name,email')&#10; +    where &lt;built-in method startswith of str object at 0xfbf1036e4b30&gt; = '\r\n,,,,,,,,,TOTAL,0\r\nil,department,practice,xp_original,xp_replication,xp_tech_day,xp_other,xp_total,amount_inr\r\n'.startswith">E   AssertionError: unexpected header: 
      ,,,,,,,,,TOTAL,0
      il,department,practice,xp_original,xp_replication,xp_tech_day,xp_other,xp_total,amount_inr
      
    assert False
     +  where False = &lt;built-in method startswith of str object at 0xfbf1036e4b30&gt;('employee_id,name,email')
     +    where &lt;built-in method startswith of str object at 0xfbf1036e4b30&gt; = '\r\n,,,,,,,,,TOTAL,0\r\nil,department,practice,xp_original,xp_replication,xp_tech_day,xp_other,xp_total,amount_inr\r\n'.startswith</failure></testcase><testcase classname="tests.test_sprint_g.TestAdminPayout" name="test_payout_pdf_export" time="0.069" /><testcase classname="tests.test_sprint_g.TestAdminPayout" name="test_payout_approve" time="0.013" /><testcase classname="tests.test_sprint_g.TestRBAC" name="test_employee_blocked_from_admin_paths[/api/admin/analytics/xp-trends]" time="0.004" /><testcase classname="tests.test_sprint_g.TestRBAC" name="test_employee_blocked_from_admin_paths[/api/admin/analytics/top-contributors]" time="0.005" /><testcase classname="tests.test_sprint_g.TestRBAC" name="test_employee_blocked_from_admin_paths[/api/admin/analytics/practice-funnel]" time="0.004" /><testcase classname="tests.test_sprint_g.TestRBAC" name="test_employee_blocked_from_admin_paths[/api/admin/analytics/revenue]" time="0.004" /><testcase classname="tests.test_sprint_g.TestRBAC" name="test_employee_blocked_from_admin_paths[/api/admin/payout/quarters]" time="0.004" /><testcase classname="tests.test_sprint_g.TestRBAC" name="test_employee_blocked_from_admin_paths[/api/admin/payout/2026-Q2]" time="0.004" /><testcase classname="tests.test_sprint_g.TestRegression" name="test_dashboard_stats" time="0.021" /><testcase classname="tests.test_sprint_g.TestRegression" name="test_xp_summary" time="0.006" /><testcase classname="tests.test_sprint_g.TestRegression" name="test_practices_list" time="0.008" /><testcase classname="tests.test_sprint_g.TestRegression" name="test_notifications_list" time="0.008" /></testsuite></testsuites>