<?xml version="1.0" encoding="utf-8"?><testsuites name="pytest tests"><testsuite name="pytest" errors="0" failures="0" skipped="0" tests="14" time="4.432" timestamp="2026-04-28T04:22:48.397454+00:00" hostname="agent-env-62eab34c-9f7b-418c-a3cb-a888e5744049"><testcase classname="backend.tests.test_sprint_d_payout.TestUpcomingLive" name="test_upcoming_as_employee_returns_live_data" time="0.737" /><testcase classname="backend.tests.test_sprint_d_payout.TestUpcomingLive" name="test_upcoming_contains_payout_with_current_quarter" time="0.125" /><testcase classname="backend.tests.test_sprint_d_payout.TestQuartersList" name="test_quarters_list" time="0.574" /><testcase classname="backend.tests.test_sprint_d_payout.TestQuartersList" name="test_quarters_rbac" time="0.126" /><testcase classname="backend.tests.test_sprint_d_payout.TestCalcsEndpoint" name="test_calcs_shape" time="0.219" /><testcase classname="backend.tests.test_sprint_d_payout.TestCalcsEndpoint" name="test_calcs_rbac" time="0.110" /><testcase classname="backend.tests.test_sprint_d_payout.TestStateMachine" name="test_approve_creates_approved_rows" time="0.270" /><testcase classname="backend.tests.test_sprint_d_payout.TestStateMachine" name="test_approve_rbac" time="0.117" /><testcase classname="backend.tests.test_sprint_d_payout.TestStateMachine" name="test_hold_then_resume_roundtrip" time="0.571" /><testcase classname="backend.tests.test_sprint_d_payout.TestStateMachine" name="test_hold_paid_rejected_409" time="0.300" /><testcase classname="backend.tests.test_sprint_d_payout.TestStateMachine" name="test_hold_rbac" time="0.249" /><testcase classname="backend.tests.test_sprint_d_payout.TestStateMachine" name="test_resume_rbac" time="0.217" /><testcase classname="backend.tests.test_sprint_d_payout.TestStateMachine" name="test_mark_paid_and_409_when_empty" time="0.642" /><testcase classname="backend.tests.test_sprint_d_payout.TestStateMachine" name="test_mark_paid_rbac" time="0.110" /></testsuite></testsuites>