<?xml version="1.0" encoding="utf-8"?><testsuites name="pytest tests"><testsuite name="pytest" errors="0" failures="1" skipped="0" tests="19" time="14.907" timestamp="2026-04-29T05:10:44.121564+00:00" hostname="agent-env-fc43ee69-41fb-4ebb-b9c2-ede388155dbd"><testcase classname="backend.tests.test_voc_phase3.TestWorkflow" name="test_workflow_stats" time="0.650" /><testcase classname="backend.tests.test_voc_phase3.TestWorkflow" name="test_workflow_tasks_list" time="0.140" /><testcase classname="backend.tests.test_voc_phase3.TestWorkflow" name="test_workflow_tasks_filter_by_status" time="0.128" /><testcase classname="backend.tests.test_voc_phase3.TestWorkflow" name="test_workflow_tasks_filter_by_account" time="0.251" /><testcase classname="backend.tests.test_voc_phase3.TestWorkflow" name="test_workflow_patch_status_and_resolved_at" time="0.550" /><testcase classname="backend.tests.test_voc_phase3.TestWorkflow" name="test_workflow_patch_invalid_status" time="0.243" /><testcase classname="backend.tests.test_voc_phase3.TestWorkflow" name="test_workflow_patch_404" time="0.106" /><testcase classname="backend.tests.test_voc_phase3.TestAiInsights" name="test_insights_list_initial" time="0.105" /><testcase classname="backend.tests.test_voc_phase3.TestAiInsights" name="test_insights_generate_live_openrouter" time="11.553" /><testcase classname="backend.tests.test_voc_phase3.TestAiInsights" name="test_insights_get_404" time="0.105" /><testcase classname="backend.tests.test_voc_phase3.TestRegression" name="test_phase1_phase2_endpoints_200[/api/voc/dashboard/kpis]" time="0.122" /><testcase classname="backend.tests.test_voc_phase3.TestRegression" name="test_phase1_phase2_endpoints_200[/api/voc/dashboard/trend]" time="0.115" /><testcase classname="backend.tests.test_voc_phase3.TestRegression" name="test_phase1_phase2_endpoints_200[/api/voc/dashboard/verbatims]" time="0.110" /><testcase classname="backend.tests.test_voc_phase3.TestRegression" name="test_phase1_phase2_endpoints_200[/api/voc/dashboard/pain-points]" time="0.106" /><testcase classname="backend.tests.test_voc_phase3.TestRegression" name="test_phase1_phase2_endpoints_200[/api/voc/dashboard/csat-distribution]" time="0.123" /><testcase classname="backend.tests.test_voc_phase3.TestRegression" name="test_phase1_phase2_endpoints_200[/api/voc/dashboard/strengths]" time="0.105" /><testcase classname="backend.tests.test_voc_phase3.TestRegression" name="test_phase1_phase2_endpoints_200[/api/voc/dashboard/accounts]" time="0.103"><failure message="AssertionError: /api/voc/dashboard/accounts -&gt; 404 {&quot;detail&quot;:&quot;Not Found&quot;}&#10;assert 404 == 200&#10; +  where 404 = &lt;Response [404]&gt;.status_code">backend/tests/test_voc_phase3.py:223: in test_phase1_phase2_endpoints_200
    assert r.status_code == 200, f"{path} -&gt; {r.status_code} {r.text[:200]}"
E   AssertionError: /api/voc/dashboard/accounts -&gt; 404 {"detail":"Not Found"}
E   assert 404 == 200
E    +  where 404 = &lt;Response [404]&gt;.status_code</failure></testcase><testcase classname="backend.tests.test_voc_phase3.TestRegression" name="test_phase1_phase2_endpoints_200[/api/voc/surveys]" time="0.105" /><testcase classname="backend.tests.test_voc_phase3.TestRegression" name="test_phase1_phase2_endpoints_200[/api/voc/campaigns]" time="0.102" /></testsuite></testsuites>